<?xml version="1.0" encoding="UTF-8"?>
<!-- Generated by org.testng.reporters.JUnitReportReporter -->
<testsuite skipped="0" hostname="rahul-PC" name="com.flipkartAutomation.tests.HomePageTest" tests="6" failures="0" timestamp="16 May 2020 15:23:19 GMT" time="8.319" errors="0">
  <testcase name="loginButtonTest" time="0.077" classname="com.flipkartAutomation.tests.HomePageTest"/>
  <testcase name="loginFunctionality" time="5.477" classname="com.flipkartAutomation.tests.HomePageTest"/>
  <testcase name="searchItem" time="0.801" classname="com.flipkartAutomation.tests.HomePageTest"/>
  <testcase name="verifyCart" time="0.030" classname="com.flipkartAutomation.tests.HomePageTest"/>
  <testcase name="verifyTitle" time="0.015" classname="com.flipkartAutomation.tests.HomePageTest"/>
  <testcase name="verifyMyProfile" time="1.919" classname="com.flipkartAutomation.tests.HomePageTest"/>
</testsuite> <!-- com.flipkartAutomation.tests.HomePageTest -->
