<?xml version="1.0" encoding="UTF-8"?>
<!-- Generated by org.testng.reporters.JUnitReportReporter -->
<testsuite skipped="0" hostname="rahul-PC" name="com.flipkartAutomation.tests.HomePageTest" tests="6" failures="0" timestamp="16 May 2020 14:48:41 GMT" time="9.046" errors="0">
  <testcase name="searchItem" time="0.756" classname="com.flipkartAutomation.tests.HomePageTest"/>
  <testcase name="verifyMyProfile" time="2.899" classname="com.flipkartAutomation.tests.HomePageTest"/>
  <testcase name="loginButtonTest" time="0.073" classname="com.flipkartAutomation.tests.HomePageTest"/>
  <testcase name="verifyTitle" time="0.015" classname="com.flipkartAutomation.tests.HomePageTest"/>
  <testcase name="verifyCart" time="0.027" classname="com.flipkartAutomation.tests.HomePageTest"/>
  <testcase name="loginFunctionality" time="5.276" classname="com.flipkartAutomation.tests.HomePageTest"/>
</testsuite> <!-- com.flipkartAutomation.tests.HomePageTest -->
