<?xml version="1.0" encoding="UTF-8"?>
<!-- Generated by org.testng.reporters.JUnitReportReporter -->
<testsuite skipped="0" hostname="rahul-PC" name="com.flipkartAutomation.tests.HomePageTest" tests="4" failures="0" timestamp="15 May 2020 05:08:53 GMT" time="3.111" errors="0">
  <testcase name="loginButtonTest" time="0.134" classname="com.flipkartAutomation.tests.HomePageTest"/>
  <testcase name="verifyTitle" time="0.010" classname="com.flipkartAutomation.tests.HomePageTest"/>
  <testcase name="loginFunctionality" time="1.960" classname="com.flipkartAutomation.tests.HomePageTest"/>
  <testcase name="searchItem" time="1.007" classname="com.flipkartAutomation.tests.HomePageTest"/>
</testsuite> <!-- com.flipkartAutomation.tests.HomePageTest -->
